\BOOKMARK [1][-]{section.1}{\376\377\0001\000\040\000I\000n\000t\000r\000o\000d\000u\000c\000t\000i\000o\000n}{}% 1
\BOOKMARK [1][-]{section.2}{\376\377\0002\000\040\000W\000h\000a\000t\000\040\000H\000a\000s\000\040\000G\000o\000n\000e\000\040\000B\000e\000f\000o\000r\000e}{}% 2
\BOOKMARK [1][-]{section.3}{\376\377\0003\000\040\000O\000p\000t\000i\000o\000n\000\040\000R\000e\000g\000i\000s\000t\000r\000a\000t\000i\000o\000n}{}% 3
\BOOKMARK [1][-]{section.4}{\376\377\0004\000\040\000E\000s\000t\000a\000b\000l\000i\000s\000h\000i\000n\000g\000\040\000P\000a\000g\000e\000\040\000M\000a\000r\000g\000i\000n\000s}{}% 4
\BOOKMARK [1][-]{section.5}{\376\377\0005\000\040\000P\000r\000o\000c\000e\000s\000s\000i\000n\000g\000\040\000t\000h\000e\000\040\000D\000o\000c\000u\000m\000e\000n\000t\000\040\000O\000p\000t\000i\000o\000n\000s}{}% 5
\BOOKMARK [2][-]{subsection.5.1}{\376\377\0005\000.\0001\000\040\000H\000a\000n\000d\000l\000i\000n\000g\000\040\000t\000h\000e\000\040\000h\000a\000r\000d\000c\000o\000p\000y\000\040\000O\000p\000t\000i\000o\000n}{section.5}% 6
\BOOKMARK [2][-]{subsection.5.2}{\376\377\0005\000.\0002\000\040\000H\000a\000n\000d\000l\000i\000n\000g\000\040\000t\000h\000e\000\040\000c\000h\000a\000p\000t\000e\000r\000l\000e\000a\000d\000e\000r\000s\000\040\000O\000p\000t\000i\000o\000n}{section.5}% 7
\BOOKMARK [2][-]{subsection.5.3}{\376\377\0005\000.\0003\000\040\000H\000a\000n\000d\000l\000i\000n\000g\000\040\000t\000h\000e\000\040\000e\000x\000p\000a\000n\000d\000e\000d\000\040\000O\000p\000t\000i\000o\000n}{section.5}% 8
\BOOKMARK [3][-]{subsubsection.5.3.1}{\376\377\0005\000.\0003\000.\0001\000\040\000B\000a\000s\000e\000l\000i\000n\000e\000\040\000P\000a\000r\000a\000m\000e\000t\000e\000r\000s}{subsection.5.3}% 9
\BOOKMARK [3][-]{subsubsection.5.3.2}{\376\377\0005\000.\0003\000.\0002\000\040\000R\000e\000d\000e\000f\000i\000n\000i\000n\000g\000\040\000'\0001\0003\0004\000\040\000n\000o\000r\000m\000a\000l\000s\000i\000z\000e}{subsection.5.3}% 10
\BOOKMARK [3][-]{subsubsection.5.3.3}{\376\377\0005\000.\0003\000.\0003\000\040\000C\000h\000a\000p\000t\000e\000r\000\040\000H\000e\000a\000d\000i\000n\000g\000\040\000A\000d\000j\000u\000s\000t\000m\000e\000n\000t}{subsection.5.3}% 11
\BOOKMARK [3][-]{subsubsection.5.3.4}{\376\377\0005\000.\0003\000.\0004\000\040\000A\000d\000j\000u\000s\000t\000m\000e\000n\000t\000s\000\040\000t\000o\000\040\000t\000h\000e\000\040\000'\0001\0003\0004\000\040\000l\000i\000s\000t\000\040\000E\000n\000v\000i\000r\000o\000n\000m\000e\000n\000t\000s}{subsection.5.3}% 12
\BOOKMARK [3][-]{subsubsection.5.3.5}{\376\377\0005\000.\0003\000.\0005\000\040\000F\000a\000l\000l\000b\000a\000c\000k\000\040\000D\000e\000f\000i\000n\000i\000t\000i\000o\000n\000s}{subsection.5.3}% 13
\BOOKMARK [1][-]{section.6}{\376\377\0006\000\040\000T\000e\000s\000t\000i\000n\000g\000\040\000t\000h\000e\000\040\000P\000r\000e\000s\000e\000n\000c\000e\000\040\000o\000f\000\040\000h\000y\000p\000e\000r\000r\000e\000f}{}% 14
\BOOKMARK [1][-]{section.7}{\376\377\0007\000\040\000D\000e\000f\000i\000n\000i\000t\000i\000o\000n\000\040\000o\000f\000\040\000T\000i\000t\000l\000e\000\040\000P\000a\000g\000e\000\040\000M\000a\000c\000r\000o\000s}{}% 15
\BOOKMARK [2][-]{subsection.7.1}{\376\377\0007\000.\0001\000\040\000T\000o\000k\000e\000n\000\040\000S\000t\000o\000r\000a\000g\000e}{section.7}% 16
\BOOKMARK [2][-]{subsection.7.2}{\376\377\0007\000.\0002\000\040\000T\000i\000t\000l\000e\000\040\000P\000a\000g\000e\000\040\000T\000o\000k\000e\000n\000-\000S\000e\000t\000t\000i\000n\000g\000\040\000M\000a\000c\000r\000o\000s}{section.7}% 17
\BOOKMARK [2][-]{subsection.7.3}{\376\377\0007\000.\0003\000\040\000T\000i\000t\000l\000e\000\040\000P\000a\000g\000e\000\040\000G\000e\000n\000e\000r\000a\000t\000i\000o\000n}{section.7}% 18
\BOOKMARK [1][-]{section.8}{\376\377\0008\000\040\000D\000e\000f\000i\000n\000i\000t\000i\000o\000n\000\040\000o\000f\000\040\000C\000o\000m\000m\000i\000t\000t\000e\000e\000\040\000M\000e\000m\000b\000e\000r\000s\000h\000i\000p\000\040\000P\000a\000g\000e\000\040\000M\000a\000c\000r\000o\000s}{}% 19
\BOOKMARK [2][-]{subsection.8.1}{\376\377\0008\000.\0001\000\040\000C\000o\000m\000m\000i\000t\000t\000e\000e\000\040\000M\000e\000m\000b\000e\000r\000s\000h\000i\000p\000\040\000P\000a\000g\000e\000\040\000D\000e\000f\000i\000n\000i\000t\000i\000o\000n\000s}{section.8}% 20
\BOOKMARK [2][-]{subsection.8.2}{\376\377\0008\000.\0002\000\040\000C\000o\000m\000m\000i\000t\000t\000e\000e\000\040\000P\000a\000g\000e\000\040\000G\000e\000n\000e\000r\000a\000t\000i\000o\000n}{section.8}% 21
\BOOKMARK [1][-]{section.9}{\376\377\0009\000\040\000S\000e\000t\000t\000i\000n\000g\000\040\000P\000D\000F\000\040\000M\000e\000t\000a\000d\000a\000t\000a}{}% 22
\BOOKMARK [1][-]{section.10}{\376\377\0001\0000\000\040\000D\000o\000c\000u\000m\000e\000n\000t\000\040\000S\000e\000c\000t\000i\000o\000n\000s}{}% 23
\BOOKMARK [1][-]{section.11}{\376\377\0001\0001\000\040\000S\000p\000e\000c\000i\000a\000l\000\040\000N\000a\000m\000e\000s}{}% 24
\BOOKMARK [1][-]{section.12}{\376\377\0001\0002\000\040\000F\000r\000o\000n\000t\000\040\000M\000a\000t\000t\000e\000r\000\040\000E\000n\000v\000i\000r\000o\000n\000m\000e\000n\000t\000s}{}% 25
\BOOKMARK [1][-]{section.13}{\376\377\0001\0003\000\040\000A\000d\000d\000i\000t\000i\000o\000n\000a\000l\000\040\000F\000r\000o\000n\000t\000\040\000M\000a\000t\000t\000e\000r\000\040\000F\000o\000r\000m\000a\000t\000t\000i\000n\000g}{}% 26
\BOOKMARK [1][-]{section.14}{\376\377\0001\0004\000\040\000M\000u\000s\000i\000c\000a\000l\000\040\000E\000x\000a\000m\000p\000l\000e\000\040\000I\000n\000d\000e\000x\000i\000n\000g}{}% 27
\BOOKMARK [1][-]{section.15}{\376\377\0001\0005\000\040\000E\000n\000d\000\040\000M\000a\000t\000t\000e\000r\000\040\000F\000o\000r\000m\000a\000t\000t\000i\000n\000g}{}% 28
\BOOKMARK [2][-]{subsection.15.1}{\376\377\0001\0005\000.\0001\000\040\000A\000c\000c\000o\000m\000m\000o\000d\000a\000t\000i\000n\000g\000\040\000n\000a\000t\000b\000i\000b\000,\000\040\000a\000p\000a\000c\000i\000t\000e\000,\000\040\000a\000n\000d\000\040\000b\000i\000b\000l\000a\000t\000e\000x}{section.15}% 29
\BOOKMARK [1][-]{section.16}{\376\377\0001\0006\000\040\000S\000e\000c\000t\000i\000o\000n\000i\000n\000g\000\040\000C\000o\000m\000m\000a\000n\000d\000\040\000F\000o\000r\000m\000a\000t\000t\000i\000n\000g}{}% 30
\BOOKMARK [2][-]{subsection.16.1}{\376\377\0001\0006\000.\0001\000\040\000A\000p\000p\000e\000n\000d\000i\000x\000\040\000H\000a\000n\000d\000l\000i\000n\000g}{section.16}% 31
\BOOKMARK [1][-]{section.17}{\376\377\0001\0007\000\040\000T\000w\000e\000a\000k\000i\000n\000g\000\040\000C\000a\000p\000t\000i\000o\000n\000s}{}% 32
\BOOKMARK [1][-]{glossary1.1}{\376\377\000C\000h\000a\000n\000g\000e\000\040\000H\000i\000s\000t\000o\000r\000y}{}% 33
\BOOKMARK [1][-]{index2.1}{\376\377\000I\000n\000d\000e\000x}{}% 34
\BOOKMARK [2][-]{HD.Symbols.2}{\376\377\000S\000y\000m\000b\000o\000l\000s}{index2.1}% 35
\BOOKMARK [2][-]{HD.A.2}{\376\377\000A}{index2.1}% 36
\BOOKMARK [2][-]{HD.B.2}{\376\377\000B}{index2.1}% 37
\BOOKMARK [2][-]{HD.C.2}{\376\377\000C}{index2.1}% 38
\BOOKMARK [2][-]{HD.D.2}{\376\377\000D}{index2.1}% 39
\BOOKMARK [2][-]{HD.E.2}{\376\377\000E}{index2.1}% 40
\BOOKMARK [2][-]{HD.F.2}{\376\377\000F}{index2.1}% 41
\BOOKMARK [2][-]{HD.H.2}{\376\377\000H}{index2.1}% 42
\BOOKMARK [2][-]{HD.I.2}{\376\377\000I}{index2.1}% 43
\BOOKMARK [2][-]{HD.K.2}{\376\377\000K}{index2.1}% 44
\BOOKMARK [2][-]{HD.L.2}{\376\377\000L}{index2.1}% 45
\BOOKMARK [2][-]{HD.M.2}{\376\377\000M}{index2.1}% 46
\BOOKMARK [2][-]{HD.N.2}{\376\377\000N}{index2.1}% 47
\BOOKMARK [2][-]{HD.O.2}{\376\377\000O}{index2.1}% 48
\BOOKMARK [2][-]{HD.P.2}{\376\377\000P}{index2.1}% 49
\BOOKMARK [2][-]{HD.R.2}{\376\377\000R}{index2.1}% 50
\BOOKMARK [2][-]{HD.S.2}{\376\377\000S}{index2.1}% 51
\BOOKMARK [2][-]{HD.T.2}{\376\377\000T}{index2.1}% 52
\BOOKMARK [2][-]{HD.U.2}{\376\377\000U}{index2.1}% 53
\BOOKMARK [2][-]{HD.V.2}{\376\377\000V}{index2.1}% 54
\BOOKMARK [2][-]{HD.W.2}{\376\377\000W}{index2.1}% 55
