This is pdfTeX, Version 3.141592653-2.6-1.40.25 (TeX Live 2023/Debian) (preloaded format=pdflatex 2026.2.23)  7 APR 2026 17:17
entering extended mode
 restricted \write18 enabled.
 %&-line parsing enabled.
**fsuthesis.dtx
(./fsuthesis.dtx
LaTeX2e <2023-11-01> patch level 1
L3 programming layer <2024-01-22>
File: fsuthesis.dtx 2026/03/31 v5.1.0 (FSU LaTeX document class for Theses/Diss
ertations maintained by Bret Whissel, bwhissel@fsu.edu)
(/usr/share/texlive/texmf-dist/tex/latex/base/ltxdoc.cls
Document Class: ltxdoc 2023/03/28 v2.1j Standard LaTeX documentation class
*************************************
* Local config file ltxdoc.cfg used
*************************************
(/usr/share/texlive/texmf-dist/tex/latex/base/ltxdoc.cfg
File: ltxdoc.cfg 2022/06/14 v2.0d ltxdoc.cls configuration (LaTeX Project)
)
(/usr/share/texlive/texmf-dist/tex/latex/base/article.cls
Document Class: article 2023/05/17 v1.4n Standard LaTeX document class
(/usr/share/texlive/texmf-dist/tex/latex/base/size10.clo
File: size10.clo 2023/05/17 v1.4n Standard LaTeX file (size option)
)
\c@part=\count187
\c@section=\count188
\c@subsection=\count189
\c@subsubsection=\count190
\c@paragraph=\count191
\c@subparagraph=\count192
\c@figure=\count193
\c@table=\count194
\abovecaptionskip=\skip48
\belowcaptionskip=\skip49
\bibindent=\dimen140
)
(/usr/share/texlive/texmf-dist/tex/latex/base/doc.sty
Package: doc 2022/11/13 v3.0m Standard LaTeX documentation package V3 (FMi)
\c@StandardModuleDepth=\count195
\guard@level=\count196
\MacrocodeTopsep=\skip50
\MacroIndent=\dimen141
\macro@cnt=\count197
\MacroTopsep=\skip51
\IndexMin=\dimen142
\c@IndexColumns=\count198

(/usr/share/texlive/texmf-dist/tex/latex/tools/multicol.sty
Package: multicol 2023/03/30 v1.9f multicolumn formatting (FMi)
\c@tracingmulticols=\count199
\mult@box=\box51
\multicol@leftmargin=\dimen143
\c@unbalance=\count266
\c@collectmore=\count267
\doublecol@number=\count268
\multicoltolerance=\count269
\multicolpretolerance=\count270
\full@width=\dimen144
\page@free=\dimen145
\premulticols=\dimen146
\postmulticols=\dimen147
\multicolsep=\skip52
\multicolbaselineskip=\skip53
\partial@page=\box52
\last@line=\box53
\mc@boxedresult=\box54
\maxbalancingoverflow=\dimen148
\mult@rightbox=\box55
\mult@grightbox=\box56
\mult@firstbox=\box57
\mult@gfirstbox=\box58
\@tempa=\box59
\@tempa=\box60
\@tempa=\box61
\@tempa=\box62
\@tempa=\box63
\@tempa=\box64
\@tempa=\box65
\@tempa=\box66
\@tempa=\box67
\@tempa=\box68
\@tempa=\box69
\@tempa=\box70
\@tempa=\box71
\@tempa=\box72
\@tempa=\box73
\@tempa=\box74
\@tempa=\box75
\@tempa=\box76
\@tempa=\box77
\@tempa=\box78
\@tempa=\box79
\@tempa=\box80
\@tempa=\box81
\@tempa=\box82
\@tempa=\box83
\@tempa=\box84
\@tempa=\box85
\@tempa=\box86
\@tempa=\box87
\@tempa=\box88
\@tempa=\box89
\@tempa=\box90
\@tempa=\box91
\@tempa=\box92
\@tempa=\box93
\@tempa=\box94
\c@minrows=\count271
\c@columnbadness=\count272
\c@finalcolumnbadness=\count273
\last@try=\dimen149
\multicolovershoot=\dimen150
\multicolundershoot=\dimen151
\mult@nat@firstbox=\box95
\colbreak@box=\box96
\mc@col@check@num=\count274
)
\GlossaryMin=\dimen152
\c@GlossaryColumns=\count275
\check@sum=\count276
\bslash@cnt=\count277
\wrong@table=\toks17
\c@CodelineNo=\count278
\@temptokenb=\toks18
))
\@indexfile=\write3
\openout3 = `fsuthesis.idx'.


Writing index file fsuthesis.idx
\@glossaryfile=\write4
\openout4 = `fsuthesis.glo'.

Writing glossary file fsuthesis.glo 
(/usr/share/texlive/texmf-dist/tex/latex/hypdoc/hypdoc.sty
Package: hypdoc 2023-10-26 v1.19 Hyper extensions for doc.sty (HO)

(/usr/share/texlive/texmf-dist/tex/latex/base/atveryend-ltx.sty
Package: atveryend-ltx 2020/08/19 v1.0a Emulation of the original atveryend pac
kage
with kernel methods
)
(/usr/share/texlive/texmf-dist/tex/latex/hyperref/hyperref.sty
Package: hyperref 2024-01-20 v7.01h Hypertext links for LaTeX

(/usr/share/texlive/texmf-dist/tex/generic/iftex/iftex.sty
Package: iftex 2022/02/03 v1.0f TeX engine tests
)
(/usr/share/texlive/texmf-dist/tex/latex/graphics/keyval.sty
Package: keyval 2022/05/29 v1.15 key=value parser (DPC)
\KV@toks@=\toks19
)
(/usr/share/texlive/texmf-dist/tex/latex/kvsetkeys/kvsetkeys.sty
Package: kvsetkeys 2022-10-05 v1.19 Key value parser (HO)
)
(/usr/share/texlive/texmf-dist/tex/generic/kvdefinekeys/kvdefinekeys.sty
Package: kvdefinekeys 2019-12-19 v1.6 Define keys (HO)
)
(/usr/share/texlive/texmf-dist/tex/generic/pdfescape/pdfescape.sty
Package: pdfescape 2019/12/09 v1.15 Implements pdfTeX's escape features (HO)

(/usr/share/texlive/texmf-dist/tex/generic/ltxcmds/ltxcmds.sty
Package: ltxcmds 2023-12-04 v1.26 LaTeX kernel commands for general use (HO)
)
(/usr/share/texlive/texmf-dist/tex/generic/pdftexcmds/pdftexcmds.sty
Package: pdftexcmds 2020-06-27 v0.33 Utility functions of pdfTeX for LuaTeX (HO
)

(/usr/share/texlive/texmf-dist/tex/generic/infwarerr/infwarerr.sty
Package: infwarerr 2019/12/03 v1.5 Providing info/warning/error messages (HO)
)
Package pdftexcmds Info: \pdf@primitive is available.
Package pdftexcmds Info: \pdf@ifprimitive is available.
Package pdftexcmds Info: \pdfdraftmode found.
))
(/usr/share/texlive/texmf-dist/tex/latex/hycolor/hycolor.sty
Package: hycolor 2020-01-27 v1.10 Color options for hyperref/bookmark (HO)
)
(/usr/share/texlive/texmf-dist/tex/latex/auxhook/auxhook.sty
Package: auxhook 2019-12-17 v1.6 Hooks for auxiliary files (HO)
)
(/usr/share/texlive/texmf-dist/tex/latex/hyperref/nameref.sty
Package: nameref 2023-11-26 v2.56 Cross-referencing by name of section

(/usr/share/texlive/texmf-dist/tex/latex/refcount/refcount.sty
Package: refcount 2019/12/15 v3.6 Data extraction from label references (HO)
)
(/usr/share/texlive/texmf-dist/tex/generic/gettitlestring/gettitlestring.sty
Package: gettitlestring 2019/12/15 v1.6 Cleanup title references (HO)

(/usr/share/texlive/texmf-dist/tex/latex/kvoptions/kvoptions.sty
Package: kvoptions 2022-06-15 v3.15 Key value format for package options (HO)
))
\c@section@level=\count279
)
(/usr/share/texlive/texmf-dist/tex/latex/etoolbox/etoolbox.sty
Package: etoolbox 2020/10/05 v2.5k e-TeX tools for LaTeX (JAW)
\etb@tempcnta=\count280
)
\@linkdim=\dimen153
\Hy@linkcounter=\count281
\Hy@pagecounter=\count282

(/usr/share/texlive/texmf-dist/tex/latex/hyperref/pd1enc.def
File: pd1enc.def 2024-01-20 v7.01h Hyperref: PDFDocEncoding definition (HO)
Now handling font encoding PD1 ...
... no UTF-8 mapping file for font encoding PD1
)
(/usr/share/texlive/texmf-dist/tex/generic/intcalc/intcalc.sty
Package: intcalc 2019/12/15 v1.3 Expandable calculations with integers (HO)
)
\Hy@SavedSpaceFactor=\count283

(/usr/share/texlive/texmf-dist/tex/latex/hyperref/puenc.def
File: puenc.def 2024-01-20 v7.01h Hyperref: PDF Unicode definition (HO)
Now handling font encoding PU ...
... no UTF-8 mapping file for font encoding PU
)
Package hyperref Info: Option `hyperindex' set `false' on input line 4062.
Package hyperref Info: Option `pdfusetitle' set `true' on input line 4062.
Package hyperref Info: Hyper figures OFF on input line 4179.
Package hyperref Info: Link nesting OFF on input line 4184.
Package hyperref Info: Hyper index OFF on input line 4189.
Package hyperref Info: Plain pages OFF on input line 4194.
Package hyperref Info: Backreferencing OFF on input line 4199.
Package hyperref Info: Implicit mode ON; LaTeX internals redefined.
Package hyperref Info: Bookmarks ON on input line 4446.
\c@Hy@tempcnt=\count284

(/usr/share/texlive/texmf-dist/tex/latex/url/url.sty
\Urlmuskip=\muskip16
Package: url 2013/09/16  ver 3.4  Verb mode for urls, etc.
)
LaTeX Info: Redefining \url on input line 4784.
\XeTeXLinkMargin=\dimen154

(/usr/share/texlive/texmf-dist/tex/generic/bitset/bitset.sty
Package: bitset 2019/12/09 v1.3 Handle bit-vector datatype (HO)

(/usr/share/texlive/texmf-dist/tex/generic/bigintcalc/bigintcalc.sty
Package: bigintcalc 2019/12/15 v1.5 Expandable calculations on big integers (HO
)
))
\Fld@menulength=\count285
\Field@Width=\dimen155
\Fld@charsize=\dimen156
Package hyperref Info: Hyper figures OFF on input line 6063.
Package hyperref Info: Link nesting OFF on input line 6068.
Package hyperref Info: Hyper index OFF on input line 6073.
Package hyperref Info: backreferencing OFF on input line 6078.
Package hyperref Info: Link coloring OFF on input line 6083.
Package hyperref Info: Link coloring with OCG OFF on input line 6088.
Package hyperref Info: PDF/A mode OFF on input line 6093.

(/usr/share/texlive/texmf-dist/tex/latex/base/atbegshi-ltx.sty
Package: atbegshi-ltx 2021/01/10 v1.0c Emulation of the original atbegshi
package with kernel methods
)
\Hy@abspage=\count286
\c@Item=\count287
\c@Hfootnote=\count288
)
Package hyperref Info: Driver (autodetected): hpdftex.

(/usr/share/texlive/texmf-dist/tex/latex/hyperref/hpdftex.def
File: hpdftex.def 2024-01-20 v7.01h Hyperref driver for pdfTeX
\Fld@listcount=\count289
\c@bookmark@seq@number=\count290

(/usr/share/texlive/texmf-dist/tex/latex/rerunfilecheck/rerunfilecheck.sty
Package: rerunfilecheck 2022-07-10 v1.10 Rerun checks for auxiliary files (HO)

(/usr/share/texlive/texmf-dist/tex/generic/uniquecounter/uniquecounter.sty
Package: uniquecounter 2019/12/15 v1.4 Provide unlimited unique counter (HO)
)
Package uniquecounter Info: New unique counter `rerunfilecheck' on input line 2
85.
)
\Hy@SectionHShift=\skip54
)
Package hyperref Info: Option `colorlinks' set `true' on input line 75.
Package hyperref Info: Option `plainpages' set `false' on input line 75.
Package hyperref Info: Option `bookmarksopen' set `true' on input line 75.
Package hyperref Info: Option `bookmarksnumbered' set `true' on input line 75.
\c@HD@unique=\count291
\c@HD@hypercount=\count292
\HD@helplength=\skip55
)
(/usr/share/texlive/texmf-dist/tex/latex/l3backend/l3backend-pdftex.def
File: l3backend-pdftex.def 2024-01-04 L3 backend support: PDF output (pdfTeX)
\l__color_backend_stack_int=\count293
\l__pdf_internal_box=\box97
)
(./fsuthesis.aux)
\openout1 = `fsuthesis.aux'.

LaTeX Font Info:    Checking defaults for OML/cmm/m/it on input line 40.
LaTeX Font Info:    ... okay on input line 40.
LaTeX Font Info:    Checking defaults for OMS/cmsy/m/n on input line 40.
LaTeX Font Info:    ... okay on input line 40.
LaTeX Font Info:    Checking defaults for OT1/cmr/m/n on input line 40.
LaTeX Font Info:    ... okay on input line 40.
LaTeX Font Info:    Checking defaults for T1/cmr/m/n on input line 40.
LaTeX Font Info:    ... okay on input line 40.
LaTeX Font Info:    Checking defaults for TS1/cmr/m/n on input line 40.
LaTeX Font Info:    ... okay on input line 40.
LaTeX Font Info:    Checking defaults for OMX/cmex/m/n on input line 40.
LaTeX Font Info:    ... okay on input line 40.
LaTeX Font Info:    Checking defaults for U/cmr/m/n on input line 40.
LaTeX Font Info:    ... okay on input line 40.
LaTeX Font Info:    Checking defaults for PD1/pdf/m/n on input line 40.
LaTeX Font Info:    ... okay on input line 40.
LaTeX Font Info:    Checking defaults for PU/pdf/m/n on input line 40.
LaTeX Font Info:    ... okay on input line 40.
Package doc Info: Made | a short reference for \verb on input line 40.
 (/usr/share/texlive/texmf-dist/tex/latex/graphics/color.sty
Package: color 2022/01/06 v1.3d Standard LaTeX Color (DPC)

(/usr/share/texlive/texmf-dist/tex/latex/graphics-cfg/color.cfg
File: color.cfg 2016/01/02 v1.6 sample color configuration
)
Package color Info: Driver file: pdftex.def on input line 149.

(/usr/share/texlive/texmf-dist/tex/latex/graphics-def/pdftex.def
File: pdftex.def 2022/09/22 v1.2b Graphics/color driver for pdftex

(/usr/share/texlive/texmf-dist/tex/context/base/mkii/supp-pdf.mkii
[Loading MPS to PDF converter (version 2006.09.02).]
\scratchcounter=\count294
\scratchdimen=\dimen157
\scratchbox=\box98
\nofMPsegments=\count295
\nofMParguments=\count296
\everyMPshowfont=\toks20
\MPscratchCnt=\count297
\MPscratchDim=\dimen158
\MPnumerator=\count298
\makeMPintoPDFobject=\count299
\everyMPtoPDFconversion=\toks21
)) (/usr/share/texlive/texmf-dist/tex/latex/graphics/mathcolor.ltx))
Package hyperref Info: Link coloring ON on input line 40.

(./fsuthesis.out) (./fsuthesis.out)
\@outlinefile=\write5
\openout5 = `fsuthesis.out'.

 (./fsuthesis.hd)
\HD@savedest@out=\write6
\openout6 = `fsuthesis.hd'.

 (./fsuthesis.dtx
***************************
* Character table correct *
***************************
LaTeX Font Info:    External font `cmex10' loaded for size
(Font)              <17.28> on input line 83.
LaTeX Font Info:    External font `cmex10' loaded for size
(Font)              <12> on input line 83.
LaTeX Font Info:    External font `cmex10' loaded for size
(Font)              <8> on input line 83.
LaTeX Font Info:    External font `cmex10' loaded for size
(Font)              <6> on input line 83.
LaTeX Font Info:    External font `cmex10' loaded for size
(Font)              <5> on input line 83.
LaTeX Font Info:    External font `cmex10' loaded for size
(Font)              <7> on input line 93.
[1

{/var/lib/texmf/fonts/map/pdftex/updmap/pdftex.map}] [2]
LaTeX Font Info:    Font shape `OT1/cmtt/bx/n' in size <12> not available
(Font)              Font shape `OT1/cmtt/m/n' tried instead on input line 275.
 [3]
Overfull \hbox (23.21387pt too wide) in paragraph at lines 360--363
\OT1/cmr/bx/n/10 Note: \OT1/cmr/m/n/10 If tweak-ing [][]\OT1/cmtt/m/n/10 \adjba
selineskip []\OT1/cmr/m/n/10 here, be sure to eval-u-ate the [][]\OT1/cmtt/m/n/
10 \listbaselineskip
 []

[4]
LaTeX Font Info:    Font shape `OT1/cmtt/bx/n' in size <10> not available
(Font)              Font shape `OT1/cmtt/m/n' tried instead on input line 379.


Package hyperref Warning: Token not allowed in a PDF string (Unicode):
(hyperref)                removing `\char' on input line 379.


Package hyperref Warning: Token not allowed in a PDF string (Unicode):
(hyperref)                removing `\char' on input line 415.

[5]
Overfull \hbox (4.57384pt too wide) in paragraph at lines 501--501
 [][]  \OT1/cmtt/m/n/9 {\par\if@expanded\FSU@onormalsize\addvspace{\adjbaseline
skip}\fi}{\par} 
 []

[6] [7]
Overfull \hbox (22.92966pt too wide) in paragraph at lines 673--673
[]\OT1/cmr/bx/n/14.4 Definition of Com-mit-tee Mem-ber-ship Page Macros 
 []

[8] [9]
Overfull \hbox (28.19856pt too wide) in paragraph at lines 819--819
 [][]\OT1/cmtt/m/n/9 \AtBeginDocument{\ifpdf\if@hyperloaded\@hypermetadata\else
\@pdfmetadata\fi\fi} 
 []

[10] [11]
Overfull \hbox (23.47362pt too wide) in paragraph at lines 976--976
 [][]     \OT1/cmtt/m/n/9 \setbox\@tempboxa=\hbox{\normalfont\begingroup\normal
color #5\endgroup}% 
 []


Overfull \hbox (89.62285pt too wide) in paragraph at lines 976--976
 [][]     \OT1/cmtt/m/n/9 \ifdim\@pnumwidth<\wd\@tempboxa \hbox{\normalfont\beg
ingroup\normalcolor #5\endgroup}% 
 []


Overfull \hbox (75.44801pt too wide) in paragraph at lines 976--976
 [][]       \OT1/cmtt/m/n/9 \else \hb@xt@\@pnumwidth{\hfil\normalfont\begingrou
p\normalcolor #5\endgroup}\fi% 
 []


Overfull \hbox (4.57384pt too wide) in paragraph at lines 998--998
 [][]  \OT1/cmtt/m/n/9 \ifpdf\if@hyperloaded\pdfbookmark[0]{Table of Contents}{
contents}\fi\fi 
 []

[12] [13] [14] [15] [16]
Overfull \hbox (84.8979pt too wide) in paragraph at lines 1388--1388
 [][]  \OT1/cmtt/m/n/9 \hrule height0pt depth0pt width0pt \kern-\topskip \nobre
ak \vskip\chapheadskip \nobreak% 
 []


Overfull \hbox (84.8979pt too wide) in paragraph at lines 1388--1388
 [][]  \OT1/cmtt/m/n/9 \hrule height0pt depth0pt width0pt \kern-\topskip \nobre
ak \vskip\chapheadskip \nobreak% 
 []

[17] [18] [19] (./fsuthesis.gls
LaTeX Font Info:    External font `cmex10' loaded for size
(Font)              <9> on input line 36.
 [20] [21]) (./fsuthesis.ind
Underfull \hbox (badness 10000) in paragraph at lines 112--114
[]\OT1/cmtt/m/n/9 acknowledgments 
 []

[22]
Overfull \hbox (4.61273pt too wide) in paragraph at lines 184--185
[][][]\OT1/cmtt/m/n/9 \bibliographytypesize   
 []

[23]
Underfull \hbox (badness 10000) in paragraph at lines 615--617
[]\OT1/cmtt/m/n/9 thebibliography 
 []


Overfull \hbox (4.61273pt too wide) in paragraph at lines 625--626
[][][]\OT1/cmtt/m/n/9 \toclevel@frontmatter   
 []


Overfull \vbox (8.0pt too high) has occurred while \output is active []


Overfull \vbox (12.0pt too high) has occurred while \output is active []

 [24])
*******************
* Checksum passed *
*******************
) (./fsuthesis.aux)
 ***********
LaTeX2e <2023-11-01> patch level 1
L3 programming layer <2024-01-22>
 ***********


Package rerunfilecheck Warning: File `fsuthesis.out' has changed.
(rerunfilecheck)                Rerun to get outlines right
(rerunfilecheck)                or use package `bookmark'.

Package rerunfilecheck Info: Checksums for `fsuthesis.out':
(rerunfilecheck)             Before: 2159B46FB4E5A46D6D0458B3D6455AE3;6684
(rerunfilecheck)             After:  A63448E12DC44CC4DD7A33D381E3FF3C;8041.

Package rerunfilecheck Warning: File `fsuthesis.hd' has changed. Rerun.

Package rerunfilecheck Info: Checksums for `fsuthesis.hd':
(rerunfilecheck)             Before: D41D8CD98F00B204E9800998ECF8427E;0
(rerunfilecheck)             After:  DAAB64F7B3D9A3A93703EBC04BDA31BB;3499.
 ) 
Here is how much of TeX's memory you used:
 10030 strings out of 474222
 146002 string characters out of 5748733
 2002975 words of memory out of 5000000
 31674 multiletter control sequences out of 15000+600000
 568118 words of font info for 70 fonts, out of 8000000 for 9000
 1141 hyphenation exceptions out of 8191
 91i,6n,93p,459b,952s stack positions out of 10000i,1000n,20000p,200000b,200000s

pdfTeX warning (dest): name{HD.439} has been referenced but does not exist, rep
laced by a fixed one


pdfTeX warning (dest): name{HD.430} has been referenced but does not exist, rep
laced by a fixed one


pdfTeX warning (dest): name{HD.24} has been referenced but does not exist, repl
aced by a fixed one


pdfTeX warning (dest): name{HD.23} has been referenced but does not exist, repl
aced by a fixed one


pdfTeX warning (dest): name{HD.347} has been referenced but does not exist, rep
laced by a fixed one


pdfTeX warning (dest): name{HD.357} has been referenced but does not exist, rep
laced by a fixed one


pdfTeX warning (dest): name{HD.557} has been referenced but does not exist, rep
laced by a fixed one


pdfTeX warning (dest): name{HD.386} has been referenced but does not exist, rep
laced by a fixed one


pdfTeX warning (dest): name{HD.388} has been referenced but does not exist, rep
laced by a fixed one


pdfTeX warning (dest): name{HD.38} has been referenced but does not exist, repl
aced by a fixed one


pdfTeX warning (dest): name{HD.28} has been referenced but does not exist, repl
aced by a fixed one


pdfTeX warning (dest): name{HD.333} has been referenced but does not exist, rep
laced by a fixed one


pdfTeX warning (dest): name{HD.524} has been referenced but does not exist, rep
laced by a fixed one


pdfTeX warning (dest): name{HD.515} has been referenced but does not exist, rep
laced by a fixed one


pdfTeX warning (dest): name{HD.526} has been referenced but does not exist, rep
laced by a fixed one


pdfTeX warning (dest): name{HD.241} has been referenced but does not exist, rep
laced by a fixed one


pdfTeX warning (dest): name{HD.71} has been referenced but does not exist, repl
aced by a fixed one


pdfTeX warning (dest): name{HD.436} has been referenced but does not exist, rep
laced by a fixed one


pdfTeX warning (dest): name{HD.167} has been referenced but does not exist, rep
laced by a fixed one


pdfTeX warning (dest): name{HD.514} has been referenced but does not exist, rep
laced by a fixed one


pdfTeX warning (dest): name{HD.20} has been referenced but does not exist, repl
aced by a fixed one


pdfTeX warning (dest): name{HD.402} has been referenced but does not exist, rep
laced by a fixed one


pdfTeX warning (dest): name{HD.403} has been referenced but does not exist, rep
laced by a fixed one


pdfTeX warning (dest): name{HD.18} has been referenced but does not exist, repl
aced by a fixed one


pdfTeX warning (dest): name{HD.418} has been referenced but does not exist, rep
laced by a fixed one


pdfTeX warning (dest): name{HD.433} has been referenced but does not exist, rep
laced by a fixed one


pdfTeX warning (dest): name{HD.417} has been referenced but does not exist, rep
laced by a fixed one


pdfTeX warning (dest): name{HD.525} has been referenced but does not exist, rep
laced by a fixed one


pdfTeX warning (dest): name{HD.42} has been referenced but does not exist, repl
aced by a fixed one


pdfTeX warning (dest): name{HD.180} has been referenced but does not exist, rep
laced by a fixed one


pdfTeX warning (dest): name{HD.35} has been referenced but does not exist, repl
aced by a fixed one


pdfTeX warning (dest): name{HD.30} has been referenced but does not exist, repl
aced by a fixed one


pdfTeX warning (dest): name{HD.265} has been referenced but does not exist, rep
laced by a fixed one


pdfTeX warning (dest): name{HD.293} has been referenced but does not exist, rep
laced by a fixed one


pdfTeX warning (dest): name{HD.206} has been referenced but does not exist, rep
laced by a fixed one


pdfTeX warning (dest): name{HD.39} has been referenced but does not exist, repl
aced by a fixed one


pdfTeX warning (dest): name{HD.330} has been referenced but does not exist, rep
laced by a fixed one


pdfTeX warning (dest): name{HD.238} has been referenced but does not exist, rep
laced by a fixed one


pdfTeX warning (dest): name{HD.81} has been referenced but does not exist, repl
aced by a fixed one


pdfTeX warning (dest): name{HD.536} has been referenced but does not exist, rep
laced by a fixed one


pdfTeX warning (dest): name{HD.234} has been referenced but does not exist, rep
laced by a fixed one


pdfTeX warning (dest): name{HD.229} has been referenced but does not exist, rep
laced by a fixed one


pdfTeX warning (dest): name{HD.228} has been referenced but does not exist, rep
laced by a fixed one


pdfTeX warning (dest): name{HD.405} has been referenced but does not exist, rep
laced by a fixed one


pdfTeX warning (dest): name{HD.404} has been referenced but does not exist, rep
laced by a fixed one


pdfTeX warning (dest): name{HD.314} has been referenced but does not exist, rep
laced by a fixed one


pdfTeX warning (dest): name{HD.275} has been referenced but does not exist, rep
laced by a fixed one


pdfTeX warning (dest): name{HD.166} has been referenced but does not exist, rep
laced by a fixed one


pdfTeX warning (dest): name{HD.159} has been referenced but does not exist, rep
laced by a fixed one


pdfTeX warning (dest): name{HD.158} has been referenced but does not exist, rep
laced by a fixed one


pdfTeX warning (dest): name{HD.177} has been referenced but does not exist, rep
laced by a fixed one


pdfTeX warning (dest): name{HD.222} has been referenced but does not exist, rep
laced by a fixed one


pdfTeX warning (dest): name{HD.264} has been referenced but does not exist, rep
laced by a fixed one


pdfTeX warning (dest): name{HD.565} has been referenced but does not exist, rep
laced by a fixed one


pdfTeX warning (dest): name{HD.19} has been referenced but does not exist, repl
aced by a fixed one


pdfTeX warning (dest): name{HD.284} has been referenced but does not exist, rep
laced by a fixed one


pdfTeX warning (dest): name{HD.274} has been referenced but does not exist, rep
laced by a fixed one


pdfTeX warning (dest): name{HD.313} has been referenced but does not exist, rep
laced by a fixed one


pdfTeX warning (dest): name{HD.375} has been referenced but does not exist, rep
laced by a fixed one


pdfTeX warning (dest): name{HD.377} has been referenced but does not exist, rep
laced by a fixed one


pdfTeX warning (dest): name{HD.376} has been referenced but does not exist, rep
laced by a fixed one


pdfTeX warning (dest): name{HD.273} has been referenced but does not exist, rep
laced by a fixed one


pdfTeX warning (dest): name{HD.283} has been referenced but does not exist, rep
laced by a fixed one


pdfTeX warning (dest): name{HD.76} has been referenced but does not exist, repl
aced by a fixed one


pdfTeX warning (dest): name{HD.272} has been referenced but does not exist, rep
laced by a fixed one


pdfTeX warning (dest): name{HD.91} has been referenced but does not exist, repl
aced by a fixed one


pdfTeX warning (dest): name{HD.416} has been referenced but does not exist, rep
laced by a fixed one


pdfTeX warning (dest): name{HD.322} has been referenced but does not exist, rep
laced by a fixed one


pdfTeX warning (dest): name{HD.427} has been referenced but does not exist, rep
laced by a fixed one


pdfTeX warning (dest): name{HD.428} has been referenced but does not exist, rep
laced by a fixed one


pdfTeX warning (dest): name{HD.360} has been referenced but does not exist, rep
laced by a fixed one


pdfTeX warning (dest): name{HD.342} has been referenced but does not exist, rep
laced by a fixed one


pdfTeX warning (dest): name{HD.384} has been referenced but does not exist, rep
laced by a fixed one


pdfTeX warning (dest): name{HD.359} has been referenced but does not exist, rep
laced by a fixed one


pdfTeX warning (dest): name{HD.59} has been referenced but does not exist, repl
aced by a fixed one


pdfTeX warning (dest): name{HD.350} has been referenced but does not exist, rep
laced by a fixed one


pdfTeX warning (dest): name{HD.545} has been referenced but does not exist, rep
laced by a fixed one


pdfTeX warning (dest): name{HD.242} has been referenced but does not exist, rep
laced by a fixed one


pdfTeX warning (dest): name{HD.539} has been referenced but does not exist, rep
laced by a fixed one


pdfTeX warning (dest): name{HD.432} has been referenced but does not exist, rep
laced by a fixed one


pdfTeX warning (dest): name{HD.463} has been referenced but does not exist, rep
laced by a fixed one


pdfTeX warning (dest): name{HD.435} has been referenced but does not exist, rep
laced by a fixed one


pdfTeX warning (dest): name{HD.413} has been referenced but does not exist, rep
laced by a fixed one


pdfTeX warning (dest): name{HD.321} has been referenced but does not exist, rep
laced by a fixed one


pdfTeX warning (dest): name{HD.341} has been referenced but does not exist, rep
laced by a fixed one


pdfTeX warning (dest): name{HD.60} has been referenced but does not exist, repl
aced by a fixed one


pdfTeX warning (dest): name{HD.7} has been referenced but does not exist, repla
ced by a fixed one


pdfTeX warning (dest): name{HD.204} has been referenced but does not exist, rep
laced by a fixed one


pdfTeX warning (dest): name{HD.8} has been referenced but does not exist, repla
ced by a fixed one


pdfTeX warning (dest): name{HD.349} has been referenced but does not exist, rep
laced by a fixed one


pdfTeX warning (dest): name{HD.243} has been referenced but does not exist, rep
laced by a fixed one


pdfTeX warning (dest): name{HD.373} has been referenced but does not exist, rep
laced by a fixed one


pdfTeX warning (dest): name{HD.244} has been referenced but does not exist, rep
laced by a fixed one


pdfTeX warning (dest): name{HD.338} has been referenced but does not exist, rep
laced by a fixed one


pdfTeX warning (dest): name{HD.179} has been referenced but does not exist, rep
laced by a fixed one


pdfTeX warning (dest): name{HD.128} has been referenced but does not exist, rep
laced by a fixed one


pdfTeX warning (dest): name{HD.51} has been referenced but does not exist, repl
aced by a fixed one


pdfTeX warning (dest): name{HD.5} has been referenced but does not exist, repla
ced by a fixed one


pdfTeX warning (dest): name{HD.123} has been referenced but does not exist, rep
laced by a fixed one


pdfTeX warning (dest): name{HD.117} has been referenced but does not exist, rep
laced by a fixed one


pdfTeX warning (dest): name{HD.68} has been referenced but does not exist, repl
aced by a fixed one


pdfTeX warning (dest): name{HD.6} has been referenced but does not exist, repla
ced by a fixed one


pdfTeX warning (dest): name{HD.168} has been referenced but does not exist, rep
laced by a fixed one


pdfTeX warning (dest): name{HD.552} has been referenced but does not exist, rep
laced by a fixed one


pdfTeX warning (dest): name{HD.323} has been referenced but does not exist, rep
laced by a fixed one


pdfTeX warning (dest): name{HD.326} has been referenced but does not exist, rep
laced by a fixed one


pdfTeX warning (dest): name{HD.22} has been referenced but does not exist, repl
aced by a fixed one


pdfTeX warning (dest): name{HD.21} has been referenced but does not exist, repl
aced by a fixed one


pdfTeX warning (dest): name{HD.324} has been referenced but does not exist, rep
laced by a fixed one


pdfTeX warning (dest): name{HD.1} has been referenced but does not exist, repla
ced by a fixed one


pdfTeX warning (dest): name{HD.391} has been referenced but does not exist, rep
laced by a fixed one


pdfTeX warning (dest): name{HD.570} has been referenced but does not exist, rep
laced by a fixed one


pdfTeX warning (dest): name{HD.478} has been referenced but does not exist, rep
laced by a fixed one


pdfTeX warning (dest): name{HD.462} has been referenced but does not exist, rep
laced by a fixed one


pdfTeX warning (dest): name{HD.406} has been referenced but does not exist, rep
laced by a fixed one


pdfTeX warning (dest): name{HD.366} has been referenced but does not exist, rep
laced by a fixed one


pdfTeX warning (dest): name{HD.223} has been referenced but does not exist, rep
laced by a fixed one


pdfTeX warning (dest): name{HD.185} has been referenced but does not exist, rep
laced by a fixed one


pdfTeX warning (dest): name{HD.124} has been referenced but does not exist, rep
laced by a fixed one


pdfTeX warning (dest): name{HD.119} has been referenced but does not exist, rep
laced by a fixed one


pdfTeX warning (dest): name{HD.80} has been referenced but does not exist, repl
aced by a fixed one


pdfTeX warning (dest): name{HD.383} has been referenced but does not exist, rep
laced by a fixed one


pdfTeX warning (dest): name{HD.381} has been referenced but does not exist, rep
laced by a fixed one


pdfTeX warning (dest): name{HD.379} has been referenced but does not exist, rep
laced by a fixed one


pdfTeX warning (dest): name{HD.365} has been referenced but does not exist, rep
laced by a fixed one


pdfTeX warning (dest): name{HD.263} has been referenced but does not exist, rep
laced by a fixed one


pdfTeX warning (dest): name{HD.390} has been referenced but does not exist, rep
laced by a fixed one


pdfTeX warning (dest): name{HD.29} has been referenced but does not exist, repl
aced by a fixed one


pdfTeX warning (dest): name{HD.393} has been referenced but does not exist, rep
laced by a fixed one


pdfTeX warning (dest): name{HD.569} has been referenced but does not exist, rep
laced by a fixed one


pdfTeX warning (dest): name{HD.559} has been referenced but does not exist, rep
laced by a fixed one


pdfTeX warning (dest): name{HD.444} has been referenced but does not exist, rep
laced by a fixed one


pdfTeX warning (dest): name{HD.110} has been referenced but does not exist, rep
laced by a fixed one


pdfTeX warning (dest): name{HD.113} has been referenced but does not exist, rep
laced by a fixed one


pdfTeX warning (dest): name{HD.109} has been referenced but does not exist, rep
laced by a fixed one


pdfTeX warning (dest): name{HD.464} has been referenced but does not exist, rep
laced by a fixed one


pdfTeX warning (dest): name{HD.455} has been referenced but does not exist, rep
laced by a fixed one


pdfTeX warning (dest): name{HD.121} has been referenced but does not exist, rep
laced by a fixed one


pdfTeX warning (dest): name{HD.90} has been referenced but does not exist, repl
aced by a fixed one


pdfTeX warning (dest): name{HD.454} has been referenced but does not exist, rep
laced by a fixed one


pdfTeX warning (dest): name{HD.457} has been referenced but does not exist, rep
laced by a fixed one


pdfTeX warning (dest): name{HD.453} has been referenced but does not exist, rep
laced by a fixed one


pdfTeX warning (dest): name{HD.443} has been referenced but does not exist, rep
laced by a fixed one


pdfTeX warning (dest): name{HD.100} has been referenced but does not exist, rep
laced by a fixed one


pdfTeX warning (dest): name{HD.542} has been referenced but does not exist, rep
laced by a fixed one


pdfTeX warning (dest): name{HD.541} has been referenced but does not exist, rep
laced by a fixed one


pdfTeX warning (dest): name{HD.475} has been referenced but does not exist, rep
laced by a fixed one


pdfTeX warning (dest): name{HD.458} has been referenced but does not exist, rep
laced by a fixed one


pdfTeX warning (dest): name{HD.392} has been referenced but does not exist, rep
laced by a fixed one


pdfTeX warning (dest): name{HD.268} has been referenced but does not exist, rep
laced by a fixed one


pdfTeX warning (dest): name{HD.118} has been referenced but does not exist, rep
laced by a fixed one


pdfTeX warning (dest): name{HD.82} has been referenced but does not exist, repl
aced by a fixed one


pdfTeX warning (dest): name{HD.2} has been referenced but does not exist, repla
ced by a fixed one


pdfTeX warning (dest): name{HD.40} has been referenced but does not exist, repl
aced by a fixed one


pdfTeX warning (dest): name{HD.48} has been referenced but does not exist, repl
aced by a fixed one


pdfTeX warning (dest): name{HD.108} has been referenced but does not exist, rep
laced by a fixed one


pdfTeX warning (dest): name{HD.107} has been referenced but does not exist, rep
laced by a fixed one


pdfTeX warning (dest): name{HD.420} has been referenced but does not exist, rep
laced by a fixed one


pdfTeX warning (dest): name{HD.125} has been referenced but does not exist, rep
laced by a fixed one


pdfTeX warning (dest): name{HD.410} has been referenced but does not exist, rep
laced by a fixed one


pdfTeX warning (dest): name{HD.395} has been referenced but does not exist, rep
laced by a fixed one


pdfTeX warning (dest): name{HD.394} has been referenced but does not exist, rep
laced by a fixed one


pdfTeX warning (dest): name{HD.297} has been referenced but does not exist, rep
laced by a fixed one


pdfTeX warning (dest): name{HD.298} has been referenced but does not exist, rep
laced by a fixed one


pdfTeX warning (dest): name{HD.183} has been referenced but does not exist, rep
laced by a fixed one


pdfTeX warning (dest): name{HD.112} has been referenced but does not exist, rep
laced by a fixed one


pdfTeX warning (dest): name{HD.122} has been referenced but does not exist, rep
laced by a fixed one


pdfTeX warning (dest): name{HD.101} has been referenced but does not exist, rep
laced by a fixed one


pdfTeX warning (dest): name{HD.555} has been referenced but does not exist, rep
laced by a fixed one


pdfTeX warning (dest): name{HD.398} has been referenced but does not exist, rep
laced by a fixed one


pdfTeX warning (dest): name{HD.401} has been referenced but does not exist, rep
laced by a fixed one


pdfTeX warning (dest): name{HD.162} has been referenced but does not exist, rep
laced by a fixed one


pdfTeX warning (dest): name{HD.144} has been referenced but does not exist, rep
laced by a fixed one


pdfTeX warning (dest): name{HD.143} has been referenced but does not exist, rep
laced by a fixed one


pdfTeX warning (dest): name{HD.164} has been referenced but does not exist, rep
laced by a fixed one


pdfTeX warning (dest): name{HD.152} has been referenced but does not exist, rep
laced by a fixed one


pdfTeX warning (dest): name{HD.151} has been referenced but does not exist, rep
laced by a fixed one


pdfTeX warning (dest): name{HD.161} has been referenced but does not exist, rep
laced by a fixed one


pdfTeX warning (dest): name{HD.140} has been referenced but does not exist, rep
laced by a fixed one


pdfTeX warning (dest): name{HD.139} has been referenced but does not exist, rep
laced by a fixed one


pdfTeX warning (dest): name{HD.165} has been referenced but does not exist, rep
laced by a fixed one


pdfTeX warning (dest): name{HD.155} has been referenced but does not exist, rep
laced by a fixed one


pdfTeX warning (dest): name{HD.154} has been referenced but does not exist, rep
laced by a fixed one


pdfTeX warning (dest): name{HD.289} has been referenced but does not exist, rep
laced by a fixed one


pdfTeX warning (dest): name{HD.17} has been referenced but does not exist, repl
aced by a fixed one


pdfTeX warning (dest): name{HD.116} has been referenced but does not exist, rep
laced by a fixed one


pdfTeX warning (dest): name{HD.111} has been referenced but does not exist, rep
laced by a fixed one


pdfTeX warning (dest): name{HD.4} has been referenced but does not exist, repla
ced by a fixed one


pdfTeX warning (dest): name{HD.271} has been referenced but does not exist, rep
laced by a fixed one


pdfTeX warning (dest): name{HD.221} has been referenced but does not exist, rep
laced by a fixed one


pdfTeX warning (dest): name{HD.210} has been referenced but does not exist, rep
laced by a fixed one


pdfTeX warning (dest): name{HD.231} has been referenced but does not exist, rep
laced by a fixed one


pdfTeX warning (dest): name{HD.211} has been referenced but does not exist, rep
laced by a fixed one


pdfTeX warning (dest): name{HD.216} has been referenced but does not exist, rep
laced by a fixed one


pdfTeX warning (dest): name{HD.163} has been referenced but does not exist, rep
laced by a fixed one


pdfTeX warning (dest): name{HD.148} has been referenced but does not exist, rep
laced by a fixed one


pdfTeX warning (dest): name{HD.147} has been referenced but does not exist, rep
laced by a fixed one


pdfTeX warning (dest): name{HD.437} has been referenced but does not exist, rep
laced by a fixed one


pdfTeX warning (dest): name{HD.491} has been referenced but does not exist, rep
laced by a fixed one


pdfTeX warning (dest): name{HD.419} has been referenced but does not exist, rep
laced by a fixed one


pdfTeX warning (dest): name{HD.311} has been referenced but does not exist, rep
laced by a fixed one


pdfTeX warning (dest): name{HD.306} has been referenced but does not exist, rep
laced by a fixed one


pdfTeX warning (dest): name{HD.302} has been referenced but does not exist, rep
laced by a fixed one


pdfTeX warning (dest): name{HD.296} has been referenced but does not exist, rep
laced by a fixed one


pdfTeX warning (dest): name{HD.292} has been referenced but does not exist, rep
laced by a fixed one


pdfTeX warning (dest): name{HD.267} has been referenced but does not exist, rep
laced by a fixed one


pdfTeX warning (dest): name{HD.224} has been referenced but does not exist, rep
laced by a fixed one


pdfTeX warning (dest): name{HD.157} has been referenced but does not exist, rep
laced by a fixed one


pdfTeX warning (dest): name{HD.153} has been referenced but does not exist, rep
laced by a fixed one


pdfTeX warning (dest): name{HD.150} has been referenced but does not exist, rep
laced by a fixed one


pdfTeX warning (dest): name{HD.146} has been referenced but does not exist, rep
laced by a fixed one


pdfTeX warning (dest): name{HD.142} has been referenced but does not exist, rep
laced by a fixed one


pdfTeX warning (dest): name{HD.138} has been referenced but does not exist, rep
laced by a fixed one


pdfTeX warning (dest): name{HD.3} has been referenced but does not exist, repla
ced by a fixed one


pdfTeX warning (dest): name{HD.368} has been referenced but does not exist, rep
laced by a fixed one


pdfTeX warning (dest): name{HD.336} has been referenced but does not exist, rep
laced by a fixed one


pdfTeX warning (dest): name{HD.304} has been referenced but does not exist, rep
laced by a fixed one


pdfTeX warning (dest): name{HD.300} has been referenced but does not exist, rep
laced by a fixed one


pdfTeX warning (dest): name{HD.508} has been referenced but does not exist, rep
laced by a fixed one


pdfTeX warning (dest): name{HD.498} has been referenced but does not exist, rep
laced by a fixed one


pdfTeX warning (dest): name{HD.492} has been referenced but does not exist, rep
laced by a fixed one


pdfTeX warning (dest): name{HD.15} has been referenced but does not exist, repl
aced by a fixed one


pdfTeX warning (dest): name{HD.547} has been referenced but does not exist, rep
laced by a fixed one


pdfTeX warning (dest): name{HD.317} has been referenced but does not exist, rep
laced by a fixed one


pdfTeX warning (dest): name{HD.62} has been referenced but does not exist, repl
aced by a fixed one


pdfTeX warning (dest): name{HD.500} has been referenced but does not exist, rep
laced by a fixed one


pdfTeX warning (dest): name{HD.16} has been referenced but does not exist, repl
aced by a fixed one


pdfTeX warning (dest): name{HD.574} has been referenced but does not exist, rep
laced by a fixed one


pdfTeX warning (dest): name{HD.70} has been referenced but does not exist, repl
aced by a fixed one


pdfTeX warning (dest): name{HD.270} has been referenced but does not exist, rep
laced by a fixed one


pdfTeX warning (dest): name{HD.487} has been referenced but does not exist, rep
laced by a fixed one


pdfTeX warning (dest): name{HD.468} has been referenced but does not exist, rep
laced by a fixed one


pdfTeX warning (dest): name{HD.449} has been referenced but does not exist, rep
laced by a fixed one


pdfTeX warning (dest): name{HD.460} has been referenced but does not exist, rep
laced by a fixed one


pdfTeX warning (dest): name{HD.445} has been referenced but does not exist, rep
laced by a fixed one


pdfTeX warning (dest): name{HD.446} has been referenced but does not exist, rep
laced by a fixed one


pdfTeX warning (dest): name{HD.447} has been referenced but does not exist, rep
laced by a fixed one


pdfTeX warning (dest): name{HD.473} has been referenced but does not exist, rep
laced by a fixed one


pdfTeX warning (dest): name{HD.466} has been referenced but does not exist, rep
laced by a fixed one


pdfTeX warning (dest): name{HD.451} has been referenced but does not exist, rep
laced by a fixed one


pdfTeX warning (dest): name{HD.422} has been referenced but does not exist, rep
laced by a fixed one


pdfTeX warning (dest): name{HD.412} has been referenced but does not exist, rep
laced by a fixed one


pdfTeX warning (dest): name{HD.279} has been referenced but does not exist, rep
laced by a fixed one


pdfTeX warning (dest): name{HD.459} has been referenced but does not exist, rep
laced by a fixed one


pdfTeX warning (dest): name{HD.471} has been referenced but does not exist, rep
laced by a fixed one


pdfTeX warning (dest): name{HD.480} has been referenced but does not exist, rep
laced by a fixed one


pdfTeX warning (dest): name{HD.470} has been referenced but does not exist, rep
laced by a fixed one


pdfTeX warning (dest): name{HD.472} has been referenced but does not exist, rep
laced by a fixed one


pdfTeX warning (dest): name{HD.481} has been referenced but does not exist, rep
laced by a fixed one


pdfTeX warning (dest): name{HD.469} has been referenced but does not exist, rep
laced by a fixed one


pdfTeX warning (dest): name{HD.450} has been referenced but does not exist, rep
laced by a fixed one


pdfTeX warning (dest): name{HD.551} has been referenced but does not exist, rep
laced by a fixed one


pdfTeX warning (dest): name{HD.531} has been referenced but does not exist, rep
laced by a fixed one


pdfTeX warning (dest): name{HD.523} has been referenced but does not exist, rep
laced by a fixed one


pdfTeX warning (dest): name{HD.509} has been referenced but does not exist, rep
laced by a fixed one


pdfTeX warning (dest): name{HD.499} has been referenced but does not exist, rep
laced by a fixed one


pdfTeX warning (dest): name{HD.576} has been referenced but does not exist, rep
laced by a fixed one


pdfTeX warning (dest): name{HD.560} has been referenced but does not exist, rep
laced by a fixed one


pdfTeX warning (dest): name{HD.550} has been referenced but does not exist, rep
laced by a fixed one


pdfTeX warning (dest): name{HD.327} has been referenced but does not exist, rep
laced by a fixed one


pdfTeX warning (dest): name{HD.407} has been referenced but does not exist, rep
laced by a fixed one


pdfTeX warning (dest): name{HD.233} has been referenced but does not exist, rep
laced by a fixed one


pdfTeX warning (dest): name{HD.193} has been referenced but does not exist, rep
laced by a fixed one


pdfTeX warning (dest): name{HD.189} has been referenced but does not exist, rep
laced by a fixed one


pdfTeX warning (dest): name{HD.186} has been referenced but does not exist, rep
laced by a fixed one


pdfTeX warning (dest): name{HD.96} has been referenced but does not exist, repl
aced by a fixed one


pdfTeX warning (dest): name{HD.73} has been referenced but does not exist, repl
aced by a fixed one


pdfTeX warning (dest): name{HD.34} has been referenced but does not exist, repl
aced by a fixed one


pdfTeX warning (dest): name{HD.32} has been referenced but does not exist, repl
aced by a fixed one


pdfTeX warning (dest): name{HD.25} has been referenced but does not exist, repl
aced by a fixed one


pdfTeX warning (dest): name{HD.483} has been referenced but does not exist, rep
laced by a fixed one


pdfTeX warning (dest): name{HD.262} has been referenced but does not exist, rep
laced by a fixed one


pdfTeX warning (dest): name{HD.477} has been referenced but does not exist, rep
laced by a fixed one


pdfTeX warning (dest): name{HD.276} has been referenced but does not exist, rep
laced by a fixed one


pdfTeX warning (dest): name{HD.540} has been referenced but does not exist, rep
laced by a fixed one


pdfTeX warning (dest): name{HD.489} has been referenced but does not exist, rep
laced by a fixed one


pdfTeX warning (dest): name{HD.120} has been referenced but does not exist, rep
laced by a fixed one


pdfTeX warning (dest): name{HD.114} has been referenced but does not exist, rep
laced by a fixed one


pdfTeX warning (dest): name{HD.88} has been referenced but does not exist, repl
aced by a fixed one


pdfTeX warning (dest): name{HD.78} has been referenced but does not exist, repl
aced by a fixed one


pdfTeX warning (dest): name{HD.69} has been referenced but does not exist, repl
aced by a fixed one


pdfTeX warning (dest): name{HD.511} has been referenced but does not exist, rep
laced by a fixed one


pdfTeX warning (dest): name{HD.504} has been referenced but does not exist, rep
laced by a fixed one


pdfTeX warning (dest): name{HD.369} has been referenced but does not exist, rep
laced by a fixed one


pdfTeX warning (dest): name{HD.362} has been referenced but does not exist, rep
laced by a fixed one


pdfTeX warning (dest): name{HD.345} has been referenced but does not exist, rep
laced by a fixed one


pdfTeX warning (dest): name{HD.127} has been referenced but does not exist, rep
laced by a fixed one


pdfTeX warning (dest): name{HD.89} has been referenced but does not exist, repl
aced by a fixed one


pdfTeX warning (dest): name{HD.408} has been referenced but does not exist, rep
laced by a fixed one


pdfTeX warning (dest): name{HD.225} has been referenced but does not exist, rep
laced by a fixed one


pdfTeX warning (dest): name{HD.190} has been referenced but does not exist, rep
laced by a fixed one


pdfTeX warning (dest): name{HD.182} has been referenced but does not exist, rep
laced by a fixed one


pdfTeX warning (dest): name{HD.181} has been referenced but does not exist, rep
laced by a fixed one


pdfTeX warning (dest): name{HD.97} has been referenced but does not exist, repl
aced by a fixed one


pdfTeX warning (dest): name{HD.86} has been referenced but does not exist, repl
aced by a fixed one


pdfTeX warning (dest): name{HD.85} has been referenced but does not exist, repl
aced by a fixed one


pdfTeX warning (dest): name{HD.57} has been referenced but does not exist, repl
aced by a fixed one


pdfTeX warning (dest): name{HD.55} has been referenced but does not exist, repl
aced by a fixed one


pdfTeX warning (dest): name{HD.53} has been referenced but does not exist, repl
aced by a fixed one


pdfTeX warning (dest): name{HD.52} has been referenced but does not exist, repl
aced by a fixed one


pdfTeX warning (dest): name{HD.44} has been referenced but does not exist, repl
aced by a fixed one


pdfTeX warning (dest): name{HD.43} has been referenced but does not exist, repl
aced by a fixed one


pdfTeX warning (dest): name{HD.37} has been referenced but does not exist, repl
aced by a fixed one


pdfTeX warning (dest): name{HD.36} has been referenced but does not exist, repl
aced by a fixed one


pdfTeX warning (dest): name{HD.31} has been referenced but does not exist, repl
aced by a fixed one


pdfTeX warning (dest): name{HD.27} has been referenced but does not exist, repl
aced by a fixed one


pdfTeX warning (dest): name{HD.548} has been referenced but does not exist, rep
laced by a fixed one


pdfTeX warning (dest): name{HD.355} has been referenced but does not exist, rep
laced by a fixed one


pdfTeX warning (dest): name{HD.544} has been referenced but does not exist, rep
laced by a fixed one


pdfTeX warning (dest): name{HD.490} has been referenced but does not exist, rep
laced by a fixed one


pdfTeX warning (dest): name{HD.479} has been referenced but does not exist, rep
laced by a fixed one


pdfTeX warning (dest): name{HD.474} has been referenced but does not exist, rep
laced by a fixed one


pdfTeX warning (dest): name{HD.467} has been referenced but does not exist, rep
laced by a fixed one


pdfTeX warning (dest): name{HD.452} has been referenced but does not exist, rep
laced by a fixed one


pdfTeX warning (dest): name{HD.423} has been referenced but does not exist, rep
laced by a fixed one


pdfTeX warning (dest): name{HD.415} has been referenced but does not exist, rep
laced by a fixed one


pdfTeX warning (dest): name{HD.370} has been referenced but does not exist, rep
laced by a fixed one


pdfTeX warning (dest): name{HD.305} has been referenced but does not exist, rep
laced by a fixed one


pdfTeX warning (dest): name{HD.301} has been referenced but does not exist, rep
laced by a fixed one


pdfTeX warning (dest): name{HD.290} has been referenced but does not exist, rep
laced by a fixed one


pdfTeX warning (dest): name{HD.295} has been referenced but does not exist, rep
laced by a fixed one


pdfTeX warning (dest): name{HD.269} has been referenced but does not exist, rep
laced by a fixed one


pdfTeX warning (dest): name{HD.310} has been referenced but does not exist, rep
laced by a fixed one


pdfTeX warning (dest): name{HD.309} has been referenced but does not exist, rep
laced by a fixed one


pdfTeX warning (dest): name{HD.277} has been referenced but does not exist, rep
laced by a fixed one


pdfTeX warning (dest): name{HD.307} has been referenced but does not exist, rep
laced by a fixed one


pdfTeX warning (dest): name{HD.566} has been referenced but does not exist, rep
laced by a fixed one


pdfTeX warning (dest): name{HD.319} has been referenced but does not exist, rep
laced by a fixed one


pdfTeX warning (dest): name{HD.191} has been referenced but does not exist, rep
laced by a fixed one


pdfTeX warning (dest): name{HD.232} has been referenced but does not exist, rep
laced by a fixed one


pdfTeX warning (dest): name{HD.220} has been referenced but does not exist, rep
laced by a fixed one


pdfTeX warning (dest): name{HD.219} has been referenced but does not exist, rep
laced by a fixed one


pdfTeX warning (dest): name{HD.217} has been referenced but does not exist, rep
laced by a fixed one


pdfTeX warning (dest): name{HD.249} has been referenced but does not exist, rep
laced by a fixed one


pdfTeX warning (dest): name{HD.260} has been referenced but does not exist, rep
laced by a fixed one


pdfTeX warning (dest): name{HD.239} has been referenced but does not exist, rep
laced by a fixed one


pdfTeX warning (dest): name{HD.372} has been referenced but does not exist, rep
laced by a fixed one


pdfTeX warning (dest): name{HD.339} has been referenced but does not exist, rep
laced by a fixed one


pdfTeX warning (dest): name{HD.538} has been referenced but does not exist, rep
laced by a fixed one


pdfTeX warning (dest): name{HD.533} has been referenced but does not exist, rep
laced by a fixed one


pdfTeX warning (dest): name{HD.528} has been referenced but does not exist, rep
laced by a fixed one


pdfTeX warning (dest): name{HD.520} has been referenced but does not exist, rep
laced by a fixed one


pdfTeX warning (dest): name{HD.516} has been referenced but does not exist, rep
laced by a fixed one


pdfTeX warning (dest): name{HD.367} has been referenced but does not exist, rep
laced by a fixed one


pdfTeX warning (dest): name{HD.335} has been referenced but does not exist, rep
laced by a fixed one


pdfTeX warning (dest): name{HD.329} has been referenced but does not exist, rep
laced by a fixed one


pdfTeX warning (dest): name{HD.328} has been referenced but does not exist, rep
laced by a fixed one


pdfTeX warning (dest): name{HD.251} has been referenced but does not exist, rep
laced by a fixed one


pdfTeX warning (dest): name{HD.54} has been referenced but does not exist, repl
aced by a fixed one


pdfTeX warning (dest): name{HD.429} has been referenced but does not exist, rep
laced by a fixed one


pdfTeX warning (dest): name{HD.258} has been referenced but does not exist, rep
laced by a fixed one


pdfTeX warning (dest): name{HD.441} has been referenced but does not exist, rep
laced by a fixed one


pdfTeX warning (dest): name{HD.115} has been referenced but does not exist, rep
laced by a fixed one


pdfTeX warning (dest): name{HD.424} has been referenced but does not exist, rep
laced by a fixed one


pdfTeX warning (dest): name{HD.371} has been referenced but does not exist, rep
laced by a fixed one


pdfTeX warning (dest): name{HD.337} has been referenced but does not exist, rep
laced by a fixed one


pdfTeX warning (dest): name{HD.573} has been referenced but does not exist, rep
laced by a fixed one


pdfTeX warning (dest): name{HD.237} has been referenced but does not exist, rep
laced by a fixed one


pdfTeX warning (dest): name{HD.196} has been referenced but does not exist, rep
laced by a fixed one


pdfTeX warning (dest): name{HD.175} has been referenced but does not exist, rep
laced by a fixed one


pdfTeX warning (dest): name{HD.137} has been referenced but does not exist, rep
laced by a fixed one


pdfTeX warning (dest): name{HD.496} has been referenced but does not exist, rep
laced by a fixed one


pdfTeX warning (dest): name{HD.495} has been referenced but does not exist, rep
laced by a fixed one


pdfTeX warning (dest): name{HD.564} has been referenced but does not exist, rep
laced by a fixed one


pdfTeX warning (dest): name{HD.257} has been referenced but does not exist, rep
laced by a fixed one


pdfTeX warning (dest): name{HD.255} has been referenced but does not exist, rep
laced by a fixed one


pdfTeX warning (dest): name{HD.105} has been referenced but does not exist, rep
laced by a fixed one


pdfTeX warning (dest): name{HD.95} has been referenced but does not exist, repl
aced by a fixed one


pdfTeX warning (dest): name{HD.442} has been referenced but does not exist, rep
laced by a fixed one


pdfTeX warning (dest): name{HD.250} has been referenced but does not exist, rep
laced by a fixed one


pdfTeX warning (dest): name{HD.261} has been referenced but does not exist, rep
laced by a fixed one


pdfTeX warning (dest): name{HD.256} has been referenced but does not exist, rep
laced by a fixed one


pdfTeX warning (dest): name{HD.240} has been referenced but does not exist, rep
laced by a fixed one


pdfTeX warning (dest): name{HD.486} has been referenced but does not exist, rep
laced by a fixed one


pdfTeX warning (dest): name{HD.485} has been referenced but does not exist, rep
laced by a fixed one


pdfTeX warning (dest): name{HD.484} has been referenced but does not exist, rep
laced by a fixed one


pdfTeX warning (dest): name{HD.465} has been referenced but does not exist, rep
laced by a fixed one


pdfTeX warning (dest): name{HD.130} has been referenced but does not exist, rep
laced by a fixed one


pdfTeX warning (dest): name{HD.252} has been referenced but does not exist, rep
laced by a fixed one


pdfTeX warning (dest): name{HD.131} has been referenced but does not exist, rep
laced by a fixed one


pdfTeX warning (dest): name{HD.554} has been referenced but does not exist, rep
laced by a fixed one


pdfTeX warning (dest): name{HD.354} has been referenced but does not exist, rep
laced by a fixed one


pdfTeX warning (dest): name{HD.353} has been referenced but does not exist, rep
laced by a fixed one


pdfTeX warning (dest): name{HD.63} has been referenced but does not exist, repl
aced by a fixed one


pdfTeX warning (dest): name{HD.13} has been referenced but does not exist, repl
aced by a fixed one


pdfTeX warning (dest): name{HD.519} has been referenced but does not exist, rep
laced by a fixed one


pdfTeX warning (dest): name{HD.397} has been referenced but does not exist, rep
laced by a fixed one


pdfTeX warning (dest): name{HD.14} has been referenced but does not exist, repl
aced by a fixed one


pdfTeX warning (dest): name{HD.431} has been referenced but does not exist, rep
laced by a fixed one


pdfTeX warning (dest): name{HD.363} has been referenced but does not exist, rep
laced by a fixed one


pdfTeX warning (dest): name{HD.356} has been referenced but does not exist, rep
laced by a fixed one


pdfTeX warning (dest): name{HD.346} has been referenced but does not exist, rep
laced by a fixed one


pdfTeX warning (dest): name{HD.312} has been referenced but does not exist, rep
laced by a fixed one


pdfTeX warning (dest): name{HD.65} has been referenced but does not exist, repl
aced by a fixed one


pdfTeX warning (dest): name{HD.325} has been referenced but does not exist, rep
laced by a fixed one


pdfTeX warning (dest): name{HD.171} has been referenced but does not exist, rep
laced by a fixed one


pdfTeX warning (dest): name{HD.133} has been referenced but does not exist, rep
laced by a fixed one


pdfTeX warning (dest): name{HD.202} has been referenced but does not exist, rep
laced by a fixed one


pdfTeX warning (dest): name{HD.173} has been referenced but does not exist, rep
laced by a fixed one


pdfTeX warning (dest): name{HD.135} has been referenced but does not exist, rep
laced by a fixed one


pdfTeX warning (dest): name{HD.200} has been referenced but does not exist, rep
laced by a fixed one


pdfTeX warning (dest): name{HD.170} has been referenced but does not exist, rep
laced by a fixed one


pdfTeX warning (dest): name{HD.132} has been referenced but does not exist, rep
laced by a fixed one


pdfTeX warning (dest): name{HD.227} has been referenced but does not exist, rep
laced by a fixed one


pdfTeX warning (dest): name{HD.174} has been referenced but does not exist, rep
laced by a fixed one


pdfTeX warning (dest): name{HD.136} has been referenced but does not exist, rep
laced by a fixed one


pdfTeX warning (dest): name{HD.400} has been referenced but does not exist, rep
laced by a fixed one


pdfTeX warning (dest): name{HD.543} has been referenced but does not exist, rep
laced by a fixed one


pdfTeX warning (dest): name{HD.197} has been referenced but does not exist, rep
laced by a fixed one


pdfTeX warning (dest): name{HD.187} has been referenced but does not exist, rep
laced by a fixed one


pdfTeX warning (dest): name{HD.172} has been referenced but does not exist, rep
laced by a fixed one


pdfTeX warning (dest): name{HD.134} has been referenced but does not exist, rep
laced by a fixed one


pdfTeX warning (dest): name{HD.438} has been referenced but does not exist, rep
laced by a fixed one


pdfTeX warning (dest): name{HD.501} has been referenced but does not exist, rep
laced by a fixed one


pdfTeX warning (dest): name{HD.426} has been referenced but does not exist, rep
laced by a fixed one


pdfTeX warning (dest): name{HD.259} has been referenced but does not exist, rep
laced by a fixed one


pdfTeX warning (dest): name{HD.254} has been referenced but does not exist, rep
laced by a fixed one


pdfTeX warning (dest): name{HD.226} has been referenced but does not exist, rep
laced by a fixed one


pdfTeX warning (dest): name{HD.205} has been referenced but does not exist, rep
laced by a fixed one


pdfTeX warning (dest): name{HD.194} has been referenced but does not exist, rep
laced by a fixed one


pdfTeX warning (dest): name{HD.434} has been referenced but does not exist, rep
laced by a fixed one


pdfTeX warning (dest): name{HD.425} has been referenced but does not exist, rep
laced by a fixed one


pdfTeX warning (dest): name{HD.389} has been referenced but does not exist, rep
laced by a fixed one


pdfTeX warning (dest): name{HD.387} has been referenced but does not exist, rep
laced by a fixed one


pdfTeX warning (dest): name{HD.414} has been referenced but does not exist, rep
laced by a fixed one


pdfTeX warning (dest): name{HD.320} has been referenced but does not exist, rep
laced by a fixed one


pdfTeX warning (dest): name{HD.510} has been referenced but does not exist, rep
laced by a fixed one


pdfTeX warning (dest): name{HD.503} has been referenced but does not exist, rep
laced by a fixed one


pdfTeX warning (dest): name{HD.440} has been referenced but does not exist, rep
laced by a fixed one

</usr/share/texlive/texmf-dist/fonts/type1/public/amsfonts/cm/cmbx10.pfb></usr/
share/texlive/texmf-dist/fonts/type1/public/amsfonts/cm/cmbx12.pfb></usr/share/
texlive/texmf-dist/fonts/type1/public/amsfonts/cm/cmbx9.pfb></usr/share/texlive
/texmf-dist/fonts/type1/public/amsfonts/cm/cmcsc10.pfb></usr/share/texlive/texm
f-dist/fonts/type1/public/amsfonts/cm/cmr10.pfb></usr/share/texlive/texmf-dist/
fonts/type1/public/amsfonts/cm/cmr12.pfb></usr/share/texlive/texmf-dist/fonts/t
ype1/public/amsfonts/cm/cmr17.pfb></usr/share/texlive/texmf-dist/fonts/type1/pu
blic/amsfonts/cm/cmr6.pfb></usr/share/texlive/texmf-dist/fonts/type1/public/ams
fonts/cm/cmr7.pfb></usr/share/texlive/texmf-dist/fonts/type1/public/amsfonts/cm
/cmr8.pfb></usr/share/texlive/texmf-dist/fonts/type1/public/amsfonts/cm/cmr9.pf
b></usr/share/texlive/texmf-dist/fonts/type1/public/amsfonts/cm/cmss10.pfb></us
r/share/texlive/texmf-dist/fonts/type1/public/amsfonts/cm/cmss17.pfb></usr/shar
e/texlive/texmf-dist/fonts/type1/public/amsfonts/cm/cmss8.pfb></usr/share/texli
ve/texmf-dist/fonts/type1/public/amsfonts/cm/cmss9.pfb></usr/share/texlive/texm
f-dist/fonts/type1/public/amsfonts/cm/cmssbx10.pfb></usr/share/texlive/texmf-di
st/fonts/type1/public/amsfonts/cm/cmssi9.pfb></usr/share/texlive/texmf-dist/fon
ts/type1/public/amsfonts/cm/cmsy10.pfb></usr/share/texlive/texmf-dist/fonts/typ
e1/public/amsfonts/cm/cmsy6.pfb></usr/share/texlive/texmf-dist/fonts/type1/publ
ic/amsfonts/cm/cmti10.pfb></usr/share/texlive/texmf-dist/fonts/type1/public/ams
fonts/cm/cmti9.pfb></usr/share/texlive/texmf-dist/fonts/type1/public/amsfonts/c
m/cmtt10.pfb></usr/share/texlive/texmf-dist/fonts/type1/public/amsfonts/cm/cmtt
12.pfb></usr/share/texlive/texmf-dist/fonts/type1/public/amsfonts/cm/cmtt9.pfb>
Output written on fsuthesis.pdf (24 pages, 398053 bytes).
PDF statistics:
 1722 PDF objects out of 1728 (max. 8388607)
 1631 compressed objects within 17 object streams
 511 named destinations out of 1000 (max. 500000)
 257 words of extra memory for PDF output out of 10000 (max. 10000000)

